
=== Sat Dec 14 15:26:26 2019

Packages were changed.
Update Mode: mergeDefaultDependencies

The following packages were updated:
  com.unity.analytics from version 3.2.2 to 3.3.2
  com.unity.collab-proxy from version 1.2.9 to 1.2.16
  com.unity.package-manager-ui from version 2.1.1 to 2.1.2
  com.unity.purchasing from version 2.0.1 to 2.0.6
  com.unity.textmeshpro from version 1.3.0 to 2.0.1
  com.unity.timeline from version 0.0.0-builtin to 1.0.0

=== Wed Jun 10 10:25:26 2020

Packages were changed.
Update Mode: updateDependencies

The following packages were added:
  com.unity.2d.tilemap@1.0.0
  com.unity.test-framework@1.1.9
  com.unity.2d.sprite@1.0.0
  com.unity.ide.vscode@1.1.4
  com.unity.ide.rider@1.1.4
  com.unity.ugui@1.0.0
  com.unity.modules.androidjni@1.0.0
The following packages were updated:
  com.unity.analytics from version 3.3.2 to 3.3.5
  com.unity.render-pipelines.lightweight from version 5.7.2 to 7.1.8
  com.unity.timeline from version 1.0.0 to 1.2.10
The following packages were removed:
  com.unity.package-manager-ui@2.1.2

=== Thu May 13 14:21:48 2021

Packages were changed.
Update Mode: updateDependencies

The following packages were updated:
  com.unity.ads from version 2.0.8 to 3.4.9
  com.unity.ide.vscode from version 1.1.4 to 1.2.2
  com.unity.purchasing from version 2.0.6 to 2.1.1
  com.unity.render-pipelines.lightweight from version 7.1.8 to 7.3.1
  com.unity.test-framework from version 1.1.9 to 1.1.18

=== Thu May 13 15:13:20 2021

Packages were changed.
Update Mode: updateDependencies

The following packages were updated:
  com.unity.ads from version 3.4.9 to 3.7.1
  com.unity.ide.rider from version 1.1.4 to 1.2.1
  com.unity.ide.vscode from version 1.2.2 to 1.2.3
  com.unity.purchasing from version 2.1.1 to 3.0.2
  com.unity.test-framework from version 1.1.18 to 1.1.24
  com.unity.textmeshpro from version 2.0.1 to 2.1.4
  com.unity.timeline from version 1.2.10 to 1.2.18
